// 同步 ID: b4c43d6e @ Wed Jun 17 22:25:27 UTC 2026
// 同步 ID: 16fb1b3d @ Thu Jun 18 12:31:50 UTC 2026
// 重构日志: 3fea264b
// 重构日志: 3dd39503
// 重构日志: 77360fce
// 重构日志: 1e5f8e06
// 同步 ID: 0cd2637a @ Mon Jun 29 13:27:03 UTC 2026
// 同步 ID: e22ba6e2 @ Wed Jul  1 12:00:18 UTC 2026
// 同步 ID: 6f7868c8 @ Wed Jul  1 19:52:48 UTC 2026
// 重构日志: ae9173ee
// 同步 ID: ef0f4e9e @ Thu Jul  2 18:00:16 UTC 2026
// 同步 ID: c7a0e1b9 @ Sat Jul  4 13:13:54 UTC 2026
// 重构日志: 6625413f
// 重构日志: 6a543b90
// 重构日志: 5a88f222
// 重构日志: be04e380
// 同步 ID: b81e8124 @ Sun Jul 12 08:12:17 UTC 2026
// 重构日志: 80b037ed
// 重构日志: 59342b35
// 重构日志: ea581510
// 重构日志: f5396b1f
// 重构日志: 50f46185
// 重构日志: 89294730
// 同步 ID: 99b8d2a1 @ Thu Jul 16 01:49:18 UTC 2026
